{"timestamp":"2024-11-26T10:30:00Z","level":"info","service":"payment-service","message":"Payment processing started","transaction_id":"txn-12345","user_id":"user123","amount":99.99,"action":"payment_initiated"}
{"timestamp":"2024-11-26T10:30:02Z","level":"info","service":"payment-service","message":"User payment method validated","user_id":"user123","payment_method":"credit_card","action":"payment_validation"}
{"timestamp":"2024-11-26T10:30:05Z","level":"error","service":"payment-service","message":"Payment processing failed: Connection timeout","transaction_id":"txn-12345","user_id":"user123","error_code":"CONN_TIMEOUT"}
{"timestamp":"2024-11-26T10:30:10Z","level":"warn","service":"payment-service","message":"Retrying payment processing","transaction_id":"txn-12345","user_id":"user123","attempt":2}
{"timestamp":"2024-11-26T10:30:12Z","level":"info","service":"payment-service","message":"User added new payment method","user_id":"user456","payment_method":"paypal","action":"add_payment_method"}
{"timestamp":"2024-11-26T10:30:15Z","level":"error","service":"payment-service","message":"Payment failed: insufficient funds","transaction_id":"txn-12346","user_id":"user456","error_code":"INSUFFICIENT_FUNDS"}
{"timestamp":"2024-11-26T10:30:18Z","level":"info","service":"payment-service","message":"User updated billing address","user_id":"user789","action":"update_billing_address"}
{"timestamp":"2024-11-26T10:30:20Z","level":"info","service":"payment-service","message":"Payment completed successfully","transaction_id":"txn-12347","user_id":"user789","amount":45.50,"duration_ms":250,"action":"payment_completed"}
{"timestamp":"2024-11-26T10:30:25Z","level":"info","service":"payment-service","message":"User requested refund","user_id":"user123","transaction_id":"txn-12345","action":"refund_requested","amount":99.99}
{"timestamp":"2024-11-26T10:30:30Z","level":"info","service":"payment-service","message":"User viewed payment history","user_id":"user456","action":"view_payment_history","page":1}
{"timestamp":"2024-11-26T10:30:35Z","level":"info","service":"payment-service","message":"Payment processing started","transaction_id":"txn-12348","user_id":"user234","amount":159.99,"action":"payment_initiated"}
{"timestamp":"2024-11-26T10:30:38Z","level":"info","service":"payment-service","message":"User selected express checkout","user_id":"user234","payment_method":"apple_pay","action":"express_checkout"}
{"timestamp":"2024-11-26T10:30:42Z","level":"info","service":"payment-service","message":"Payment completed successfully","transaction_id":"txn-12348","user_id":"user234","amount":159.99,"duration_ms":180,"action":"payment_completed"}
{"timestamp":"2024-11-26T10:30:45Z","level":"warn","service":"payment-service","message":"High transaction amount detected","transaction_id":"txn-12349","user_id":"user567","amount":2500.00,"action":"fraud_check_triggered"}
{"timestamp":"2024-11-26T10:30:48Z","level":"info","service":"payment-service","message":"Fraud check passed","transaction_id":"txn-12349","user_id":"user567","fraud_score":0.2,"action":"fraud_check_passed"}
{"timestamp":"2024-11-26T10:30:52Z","level":"info","service":"payment-service","message":"Payment completed successfully","transaction_id":"txn-12349","user_id":"user567","amount":2500.00,"duration_ms":420,"action":"payment_completed"}
{"timestamp":"2024-11-26T10:30:55Z","level":"error","service":"payment-service","message":"Credit card declined","transaction_id":"txn-12350","user_id":"user890","error_code":"CARD_DECLINED","reason":"invalid_cvv"}
{"timestamp":"2024-11-26T10:31:00Z","level":"info","service":"payment-service","message":"User updated payment method","user_id":"user890","old_method":"credit_card","new_method":"debit_card","action":"update_payment_method"}
{"timestamp":"2024-11-26T10:31:05Z","level":"info","service":"payment-service","message":"Payment processing started","transaction_id":"txn-12351","user_id":"user890","amount":75.25,"action":"payment_initiated"}
{"timestamp":"2024-11-26T10:31:08Z","level":"info","service":"payment-service","message":"Payment completed successfully","transaction_id":"txn-12351","user_id":"user890","amount":75.25,"duration_ms":190,"action":"payment_completed"}
{"timestamp":"2024-11-26T10:31:12Z","level":"info","service":"payment-service","message":"User applied discount code","user_id":"user345","discount_code":"SAVE20","discount_amount":15.99,"action":"apply_discount"}
{"timestamp":"2024-11-26T10:31:15Z","level":"info","service":"payment-service","message":"Payment processing started","transaction_id":"txn-12352","user_id":"user345","amount":63.96,"action":"payment_initiated"}
{"timestamp":"2024-11-26T10:31:18Z","level":"info","service":"payment-service","message":"Payment completed successfully","transaction_id":"txn-12352","user_id":"user345","amount":63.96,"duration_ms":220,"action":"payment_completed"}
{"timestamp":"2024-11-26T10:31:22Z","level":"error","service":"payment-service","message":"Payment gateway timeout","transaction_id":"txn-12353","user_id":"user678","error_code":"GATEWAY_TIMEOUT","gateway":"stripe"}
{"timestamp":"2024-11-26T10:31:25Z","level":"warn","service":"payment-service","message":"Switching to backup payment gateway","transaction_id":"txn-12353","user_id":"user678","backup_gateway":"paypal","action":"gateway_failover"}
{"timestamp":"2024-11-26T10:31:28Z","level":"info","service":"payment-service","message":"Payment completed successfully","transaction_id":"txn-12353","user_id":"user678","amount":89.50,"duration_ms":890,"action":"payment_completed"}
{"timestamp":"2024-11-26T10:31:32Z","level":"info","service":"payment-service","message":"User set up recurring payment","user_id":"user901","subscription_id":"sub-456","amount":29.99,"frequency":"monthly","action":"setup_recurring_payment"}
{"timestamp":"2024-11-26T10:31:35Z","level":"info","service":"payment-service","message":"Recurring payment processed","subscription_id":"sub-456","user_id":"user901","amount":29.99,"transaction_id":"txn-12354","action":"recurring_payment_processed"}
{"timestamp":"2024-11-26T10:31:40Z","level":"error","service":"payment-service","message":"Suspected fraudulent transaction","transaction_id":"txn-12355","user_id":"user999","amount":5000.00,"fraud_score":0.95,"action":"fraud_detected"}
{"timestamp":"2024-11-26T10:31:43Z","level":"warn","service":"payment-service","message":"Transaction blocked for manual review","transaction_id":"txn-12355","user_id":"user999","action":"manual_review_required"}
{"timestamp":"2024-11-26T10:31:48Z","level":"info","service":"payment-service","message":"User requested payment receipt","user_id":"user234","transaction_id":"txn-12348","action":"request_receipt"}
{"timestamp":"2024-11-26T10:31:52Z","level":"info","service":"payment-service","message":"Payment receipt sent via email","user_id":"user234","transaction_id":"txn-12348","email":"user@example.com","action":"receipt_sent"}
{"timestamp":"2024-11-26T10:31:55Z","level":"info","service":"payment-service","message":"User saved payment method for future use","user_id":"user567","payment_method":"credit_card","last_four":"4567","action":"save_payment_method"}
{"timestamp":"2024-11-26T10:32:00Z","level":"info","service":"payment-service","message":"Bulk payment processing started","batch_id":"batch-789","transaction_count":25,"action":"bulk_payment_initiated"}
{"timestamp":"2024-11-26T10:32:05Z","level":"warn","service":"payment-service","message":"Slow payment processing detected","transaction_id":"txn-12356","user_id":"user111","processing_time_ms":3500,"action":"slow_processing_alert"}
{"timestamp":"2024-11-26T10:32:08Z","level":"info","service":"payment-service","message":"Payment completed successfully","transaction_id":"txn-12356","user_id":"user111","amount":125.75,"duration_ms":3500,"action":"payment_completed"}
{"timestamp":"2024-11-26T10:32:12Z","level":"error","service":"payment-service","message":"Database connection failed during payment","transaction_id":"txn-12357","user_id":"user222","error_code":"DB_CONNECTION_FAILED"}
{"timestamp":"2024-11-26T10:32:15Z","level":"warn","service":"payment-service","message":"Retrying payment with backup database","transaction_id":"txn-12357","user_id":"user222","attempt":2,"action":"database_failover"}
{"timestamp":"2024-11-26T10:32:18Z","level":"info","service":"payment-service","message":"Payment completed successfully","transaction_id":"txn-12357","user_id":"user222","amount":67.89,"duration_ms":680,"action":"payment_completed"}
{"timestamp":"2024-11-26T10:32:22Z","level":"info","service":"payment-service","message":"User updated billing preferences","user_id":"user333","preferences":{"auto_pay":true,"email_receipts":true},"action":"update_billing_preferences"}
{"timestamp":"2024-11-26T10:32:25Z","level":"info","service":"payment-service","message":"Payment method expired notification sent","user_id":"user444","payment_method":"credit_card","expiry_date":"2024-12-31","action":"expiry_notification"}
{"timestamp":"2024-11-26T10:32:30Z","level":"info","service":"payment-service","message":"User removed payment method","user_id":"user555","payment_method":"paypal","action":"remove_payment_method"}
{"timestamp":"2024-11-26T10:32:35Z","level":"error","service":"payment-service","message":"Payment failed: card expired","transaction_id":"txn-12358","user_id":"user444","error_code":"CARD_EXPIRED"}
{"timestamp":"2024-11-26T10:32:38Z","level":"info","service":"payment-service","message":"User prompted to update payment method","user_id":"user444","action":"update_payment_prompt"}
{"timestamp":"2024-11-26T10:32:42Z","level":"info","service":"payment-service","message":"User added new payment method","user_id":"user444","payment_method":"credit_card","action":"add_payment_method"}
{"timestamp":"2024-11-26T10:32:45Z","level":"info","service":"payment-service","message":"Payment processing started","transaction_id":"txn-12359","user_id":"user444","amount":89.99,"action":"payment_initiated"}
{"timestamp":"2024-11-26T10:32:48Z","level":"info","service":"payment-service","message":"Payment completed successfully","transaction_id":"txn-12359","user_id":"user444","amount":89.99,"duration_ms":210,"action":"payment_completed"}
{"timestamp":"2024-11-26T10:32:52Z","level":"info","service":"payment-service","message":"Refund processing started","transaction_id":"txn-12360","original_transaction":"txn-12347","user_id":"user789","refund_amount":45.50,"action":"refund_initiated"}
{"timestamp":"2024-11-26T10:32:55Z","level":"info","service":"payment-service","message":"Refund completed successfully","transaction_id":"txn-12360","user_id":"user789","refund_amount":45.50,"duration_ms":320,"action":"refund_completed"}
{"timestamp":"2024-11-26T10:33:00Z","level":"warn","service":"payment-service","message":"Multiple failed payment attempts","user_id":"user666","failed_attempts":3,"time_window":"5min","action":"multiple_failures_detected"}
{"timestamp":"2024-11-26T10:33:05Z","level":"info","service":"payment-service","message":"User account temporarily locked","user_id":"user666","lock_duration":"15min","action":"account_locked"}
{"timestamp":"2024-11-26T10:33:10Z","level":"info","service":"payment-service","message":"Payment analytics report generated","report_id":"report-123","time_period":"24h","total_transactions":1247,"action":"analytics_generated"}
{"timestamp":"2024-11-26T10:33:15Z","level":"info","service":"payment-service","message":"User enabled payment notifications","user_id":"user777","notification_types":["email","sms"],"action":"enable_notifications"}
{"timestamp":"2024-11-26T10:33:20Z","level":"info","service":"payment-service","message":"Subscription payment processed","subscription_id":"sub-789","user_id":"user888","amount":49.99,"transaction_id":"txn-12361","action":"subscription_payment"}
{"timestamp":"2024-11-26T10:33:25Z","level":"error","service":"payment-service","message":"Subscription payment failed: insufficient funds","subscription_id":"sub-789","user_id":"user888","error_code":"INSUFFICIENT_FUNDS"}
{"timestamp":"2024-11-26T10:33:28Z","level":"info","service":"payment-service","message":"Subscription payment retry scheduled","subscription_id":"sub-789","user_id":"user888","retry_date":"2024-11-29","action":"schedule_retry"}
{"timestamp":"2024-11-26T10:33:32Z","level":"info","service":"payment-service","message":"User downloaded tax summary","user_id":"user999","tax_year":"2024","total_payments":2567.89,"action":"download_tax_summary"}
{"timestamp":"2024-11-26T10:33:35Z","level":"warn","service":"payment-service","message":"Unusual payment pattern detected","user_id":"user101","pattern":"high_frequency","transactions_per_hour":25,"action":"pattern_alert"}
{"timestamp":"2024-11-26T10:33:40Z","level":"info","service":"payment-service","message":"Payment split processed","transaction_id":"txn-12362","user_id":"user102","total_amount":200.00,"split_count":4,"action":"split_payment"}
{"timestamp":"2024-11-26T10:33:45Z","level":"info","service":"payment-service","message":"Gift card payment processed","transaction_id":"txn-12363","user_id":"user103","gift_card_code":"GC123456","amount":25.00,"action":"gift_card_payment"}
{"timestamp":"2024-11-26T10:33:50Z","level":"error","service":"payment-service","message":"Gift card invalid or expired","transaction_id":"txn-12364","user_id":"user104","gift_card_code":"GC789012","error_code":"INVALID_GIFT_CARD"}
{"timestamp":"2024-11-26T10:33:55Z","level":"info","service":"payment-service","message":"Store credit applied to payment","transaction_id":"txn-12365","user_id":"user105","store_credit":15.50,"final_amount":34.49,"action":"store_credit_applied"}
{"timestamp":"2024-11-26T10:34:00Z","level":"info","service":"payment-service","message":"Payment completed successfully","transaction_id":"txn-12365","user_id":"user105","amount":34.49,"duration_ms":190,"action":"payment_completed"}
{"timestamp":"2024-11-26T10:34:05Z","level":"info","service":"payment-service","message":"User enrolled in loyalty program","user_id":"user106","loyalty_tier":"bronze","points_earned":50,"action":"loyalty_enrollment"}
{"timestamp":"2024-11-26T10:34:10Z","level":"info","service":"payment-service","message":"Loyalty points redeemed","user_id":"user107","points_redeemed":200,"discount_amount":10.00,"action":"loyalty_redemption"}
{"timestamp":"2024-11-26T10:34:15Z","level":"info","service":"payment-service","message":"Payment processing started","transaction_id":"txn-12366","user_id":"user107","amount":40.00,"action":"payment_initiated"}
{"timestamp":"2024-11-26T10:34:18Z","level":"info","service":"payment-service","message":"Payment completed successfully","transaction_id":"txn-12366","user_id":"user107","amount":40.00,"duration_ms":165,"action":"payment_completed"}
{"timestamp":"2024-11-26T10:34:22Z","level":"warn","service":"payment-service","message":"Payment processor maintenance window approaching","processor":"stripe","maintenance_start":"2024-11-26T12:00:00Z","action":"maintenance_alert"}
{"timestamp":"2024-11-26T10:34:25Z","level":"info","service":"payment-service","message":"Backup payment processor activated","processor":"paypal","reason":"primary_maintenance","action":"processor_failover"}
{"timestamp":"2024-11-26T10:34:30Z","level":"info","service":"payment-service","message":"International payment processed","transaction_id":"txn-12367","user_id":"user108","amount":150.00,"currency":"EUR","exchange_rate":1.05,"action":"international_payment"}
{"timestamp":"2024-11-26T10:34:35Z","level":"error","service":"payment-service","message":"Currency conversion failed","transaction_id":"txn-12368","user_id":"user109","from_currency":"JPY","to_currency":"USD","error_code":"CONVERSION_FAILED"}
{"timestamp":"2024-11-26T10:34:40Z","level":"info","service":"payment-service","message":"User set payment reminders","user_id":"user110","reminder_days":[1,3,7],"subscription_id":"sub-999","action":"set_payment_reminders"}
{"timestamp":"2024-11-26T10:34:45Z","level":"info","service":"payment-service","message":"Payment reminder sent","user_id":"user111","subscription_id":"sub-888","due_date":"2024-11-28","action":"reminder_sent"}
{"timestamp":"2024-11-26T10:34:50Z","level":"info","service":"payment-service","message":"Partial payment processed","transaction_id":"txn-12369","user_id":"user112","partial_amount":25.00,"remaining_balance":75.00,"action":"partial_payment"}
{"timestamp":"2024-11-26T10:34:55Z","level":"info","service":"payment-service","message":"Payment plan created","user_id":"user112","plan_id":"plan-456","total_amount":100.00,"installments":4,"action":"payment_plan_created"}
{"timestamp":"2024-11-26T10:35:00Z","level":"info","service":"payment-service","message":"Contactless payment processed","transaction_id":"txn-12370","user_id":"user113","payment_method":"nfc","amount":12.50,"action":"contactless_payment"}
{"timestamp":"2024-11-26T10:35:05Z","level":"error","service":"payment-service","message":"Chargeback received","transaction_id":"txn-12371","user_id":"user114","chargeback_amount":199.99,"reason":"unauthorized","action":"chargeback_received"}
{"timestamp":"2024-11-26T10:35:10Z","level":"warn","service":"payment-service","message":"Chargeback dispute initiated","transaction_id":"txn-12371","user_id":"user114","dispute_id":"disp-789","action":"dispute_initiated"}
{"timestamp":"2024-11-26T10:35:15Z","level":"info","service":"payment-service","message":"User verified payment method","user_id":"user115","payment_method":"bank_account","verification_method":"micro_deposits","action":"payment_method_verified"}
{"timestamp":"2024-11-26T10:35:20Z","level":"info","service":"payment-service","message":"ACH payment processing started","transaction_id":"txn-12372","user_id":"user115","amount":250.00,"processing_days":3,"action":"ach_payment_initiated"}
{"timestamp":"2024-11-26T10:35:25Z","level":"info","service":"payment-service","message":"Payment escrow created","transaction_id":"txn-12373","user_id":"user116","escrow_amount":500.00,"release_condition":"delivery_confirmation","action":"escrow_created"}
{"timestamp":"2024-11-26T10:35:30Z","level":"info","service":"payment-service","message":"Mobile wallet payment processed","transaction_id":"txn-12374","user_id":"user117","wallet_type":"google_pay","amount":35.75,"action":"mobile_wallet_payment"}
{"timestamp":"2024-11-26T10:35:35Z","level":"warn","service":"payment-service","message":"Payment velocity limit approached","user_id":"user118","daily_limit":1000.00,"current_amount":950.00,"action":"velocity_limit_warning"}
{"timestamp":"2024-11-26T10:35:40Z","level":"error","service":"payment-service","message":"Payment velocity limit exceeded","user_id":"user118","transaction_id":"txn-12375","amount":75.00,"error_code":"VELOCITY_LIMIT_EXCEEDED"}
{"timestamp":"2024-11-26T10:35:45Z","level":"info","service":"payment-service","message":"Buy now pay later option selected","user_id":"user119","bnpl_provider":"klarna","total_amount":299.99,"installments":4,"action":"bnpl_selected"}
{"timestamp":"2024-11-26T10:35:50Z","level":"info","service":"payment-service","message":"BNPL first payment processed","transaction_id":"txn-12376","user_id":"user119","first_payment":74.99,"action":"bnpl_first_payment"}
{"timestamp":"2024-11-26T10:35:55Z","level":"info","service":"payment-service","message":"Payment health check completed","total_transactions":89,"successful_payments":84,"failed_payments":5,"success_rate":94.4,"action":"health_check"}
{"timestamp":"2024-11-26T10:36:00Z","level":"warn","service":"payment-service","message":"Payment failure rate elevated","current_rate":5.6,"normal_rate":2.1,"time_window":"1h","action":"failure_rate_alert"}
{"timestamp":"2024-11-26T10:36:05Z","level":"info","service":"payment-service","message":"Payment processor switched automatically","from_processor":"stripe","to_processor":"square","reason":"high_failure_rate","action":"automatic_processor_switch"}
{"timestamp":"2024-11-26T10:36:10Z","level":"info","service":"payment-service","message":"Cryptocurrency payment received","transaction_id":"txn-12377","user_id":"user120","amount":0.001,"currency":"BTC","usd_equivalent":67.50,"action":"crypto_payment"}
{"timestamp":"2024-11-26T10:36:15Z","level":"info","service":"payment-service","message":"Payment audit log exported","audit_period":"2024-11-26","total_records":1543,"file_size":"2.1MB","action":"audit_export"}
{"timestamp":"2024-11-26T10:36:20Z","level":"error","service":"payment-service","message":"Payment service experiencing high latency","average_response_time":2500,"normal_response_time":200,"action":"latency_alert"}
{"timestamp":"2024-11-26T10:36:25Z","level":"info","service":"payment-service","message":"Load balancer automatically scaled up","new_instance_count":5,"previous_count":3,"reason":"high_latency","action":"auto_scale_up"}
{"timestamp":"2024-11-26T10:36:30Z","level":"info","service":"payment-service","message":"Payment service latency normalized","current_response_time":180,"action":"latency_normalized"}
{"timestamp":"2024-11-26T10:36:35Z","level":"info","service":"payment-service","message":"User closed payment dispute","user_id":"user121","dispute_id":"disp-456","resolution":"merchant_favor","action":"dispute_closed"}
{"timestamp":"2024-11-26T10:36:40Z","level":"info","service":"payment-service","message":"Scheduled maintenance completed","maintenance_type":"database_optimization","duration_minutes":15,"downtime":false,"action":"maintenance_completed"}
{"timestamp":"2024-11-26T10:36:45Z","level":"info","service":"payment-service","message":"Payment compliance report generated","report_type":"PCI_DSS","compliance_score":98.5,"action":"compliance_report"}
{"timestamp":"2024-11-26T10:36:50Z","level":"info","service":"payment-service","message":"User payment preferences updated","user_id":"user122","default_method":"apple_pay","auto_save_methods":true,"action":"preferences_updated"}
{"timestamp":"2024-11-26T10:36:55Z","level":"info","service":"payment-service","message":"Payment processing completed successfully","transaction_id":"txn-12378","user_id":"user122","amount":89.99,"duration_ms":145,"payment_method":"apple_pay","action":"payment_completed"}
{"timestamp":"2024-11-26T10:37:00Z","level":"info","service":"payment-service","message":"Daily payment summary generated","date":"2024-11-26","total_volume":125670.45,"transaction_count":1256,"average_amount":100.05,"action":"daily_summary"} 