2024-11-26T10:30:00Z [INFO] Database service started successfully
2024-11-26T10:30:02Z [INFO] Connection pool initialized with 20 connections
2024-11-26T10:30:05Z [ERROR] Query execution failed: Connection timeout for query_id=q123
2024-11-26T10:30:08Z [WARN] Slow query detected: SELECT * FROM users WHERE email LIKE '%@%' (2.5s)
2024-11-26T10:30:12Z [INFO] Index optimization completed on table 'transactions'
2024-11-26T10:30:15Z [ERROR] Database connection failed: Cannot connect to database server
2024-11-26T10:30:18Z [INFO] Failover to secondary database successful
2024-11-26T10:30:22Z [INFO] User created: user_id=12345, email=user@example.com
2024-11-26T10:30:25Z [INFO] Transaction committed: txn_id=tx_789, affected_rows=3
2024-11-26T10:30:30Z [WARN] High memory usage detected: 85% of allocated memory in use
2024-11-26T10:30:35Z [INFO] Database backup started: backup_id=bk_456
2024-11-26T10:30:40Z [ERROR] Deadlock detected and resolved: table=orders, duration=0.2s
2024-11-26T10:30:45Z [INFO] Read replica synchronization completed
2024-11-26T10:30:50Z [WARN] Disk space low: 15% remaining on /data partition
2024-11-26T10:30:55Z [INFO] Cache hit ratio: 92% (excellent performance)
2024-11-26T10:31:00Z [ERROR] Lock timeout exceeded for table 'payments': query_id=q456
2024-11-26T10:31:05Z [INFO] Auto-vacuum completed on table 'user_sessions'
2024-11-26T10:31:10Z [INFO] Database schema migration started: version 2.1.5 to 2.1.6
2024-11-26T10:31:15Z [INFO] New index created: idx_users_email_created_at
2024-11-26T10:31:20Z [WARN] Connection pool exhausted: 20/20 connections in use
2024-11-26T10:31:25Z [INFO] Connection pool expanded to 30 connections
2024-11-26T10:31:30Z [ERROR] Foreign key constraint violation: table=orders, constraint=fk_user_id
2024-11-26T10:31:35Z [INFO] Stored procedure executed: sp_process_payments, duration=0.8s
2024-11-26T10:31:40Z [INFO] Transaction rolled back: txn_id=tx_890, reason=validation_failed
2024-11-26T10:31:45Z [WARN] Unusual query pattern detected: 500 queries/sec from IP 192.168.1.50
2024-11-26T10:31:50Z [INFO] Database statistics updated: tables=45, total_size=2.1GB
2024-11-26T10:31:55Z [ERROR] Disk I/O error during write operation: error_code=EIO
2024-11-26T10:32:00Z [INFO] Automatic failover initiated due to I/O errors
2024-11-26T10:32:05Z [INFO] Primary database role switched to db-replica-02
2024-11-26T10:32:10Z [INFO] Query optimizer cache cleared and rebuilt
2024-11-26T10:32:15Z [WARN] Long-running transaction detected: txn_id=tx_999, duration=5min
2024-11-26T10:32:20Z [INFO] Batch insert completed: 10000 records inserted into 'audit_logs'
2024-11-26T10:32:25Z [ERROR] SQL injection attempt blocked: query contained suspicious patterns
2024-11-26T10:32:30Z [INFO] Security scan completed: 0 vulnerabilities found
2024-11-26T10:32:35Z [INFO] Data compression applied to historical tables: space saved 30%
2024-11-26T10:32:40Z [WARN] Replication lag detected: 2.5 seconds behind primary
2024-11-26T10:32:45Z [INFO] Replication sync completed: lag reduced to 0.1s
2024-11-26T10:32:50Z [INFO] Scheduled maintenance window started
2024-11-26T10:32:55Z [INFO] Database optimizations applied: 15% performance improvement
2024-11-26T10:33:00Z [WARN] Temporary table overflow: temp tables using 500MB disk space
2024-11-26T10:33:05Z [INFO] Temporary table cleanup completed
2024-11-26T10:33:10Z [ERROR] Backup verification failed: checksum mismatch for backup_id=bk_456
2024-11-26T10:33:15Z [INFO] New backup initiated: backup_id=bk_457
2024-11-26T10:33:20Z [INFO] Full table scan avoided: query optimized with index hint
2024-11-26T10:33:25Z [WARN] Buffer pool hit ratio dropped to 75%: consider increasing buffer size
2024-11-26T10:33:30Z [INFO] Buffer pool expanded from 1GB to 1.5GB
2024-11-26T10:33:35Z [INFO] Partitioning completed on table 'transaction_history'
2024-11-26T10:33:40Z [ERROR] Corrupt data block detected: block_id=12345, table=user_profiles
2024-11-26T10:33:45Z [INFO] Data block repair completed successfully
2024-11-26T10:33:50Z [INFO] Archive process started: moving data older than 7 years
2024-11-26T10:33:55Z [WARN] Archive process slow: large dataset detected (5M records)
2024-11-26T10:34:00Z [INFO] Materialized view refresh completed: view_name=user_summary_stats
2024-11-26T10:34:05Z [ERROR] View refresh failed: dependency table not available
2024-11-26T10:34:10Z [INFO] Dependency restored: view refresh rescheduled
2024-11-26T10:34:15Z [INFO] Database health check completed: all systems operational
2024-11-26T10:34:20Z [WARN] CPU usage spike: 90% utilization for 30 seconds
2024-11-26T10:34:25Z [INFO] CPU usage normalized: returned to 35% average
2024-11-26T10:34:30Z [INFO] Connection audit completed: 245 active connections analyzed
2024-11-26T10:34:35Z [ERROR] Privilege escalation attempt blocked: user attempted admin access
2024-11-26T10:34:40Z [INFO] User privileges reviewed: 5 accounts flagged for review
2024-11-26T10:34:45Z [INFO] Trigger executed: audit_trigger on table 'sensitive_data'
2024-11-26T10:34:50Z [WARN] Trigger execution slow: took 3.2 seconds to complete
2024-11-26T10:34:55Z [INFO] Trigger optimized: execution time reduced to 0.8s
2024-11-26T10:35:00Z [INFO] Database log rotation completed: archived 2.1GB of logs
2024-11-26T10:35:05Z [ERROR] Log write failure: disk space insufficient for log files
2024-11-26T10:35:10Z [INFO] Emergency log cleanup performed: 1.5GB space recovered
2024-11-26T10:35:15Z [INFO] Constraint check passed: all foreign keys valid
2024-11-26T10:35:20Z [WARN] Performance degradation: queries 25% slower than baseline
2024-11-26T10:35:25Z [INFO] Performance analysis started: investigating slow queries
2024-11-26T10:35:30Z [INFO] Missing index identified: creating idx_orders_status_date
2024-11-26T10:35:35Z [INFO] Index creation completed: query performance improved 40%
2024-11-26T10:35:40Z [ERROR] Database lock escalation: row locks upgraded to table lock
2024-11-26T10:35:45Z [WARN] Table lock held for extended period: 45 seconds
2024-11-26T10:35:50Z [INFO] Lock released: normal operations resumed
2024-11-26T10:35:55Z [INFO] Cache warming started: preloading frequently accessed data
2024-11-26T10:36:00Z [INFO] Cache warming completed: 98% hit ratio achieved
2024-11-26T10:36:05Z [ERROR] Memory allocation failed: insufficient memory for query execution
2024-11-26T10:36:10Z [INFO] Memory optimization applied: freed 200MB from buffer cache
2024-11-26T10:36:15Z [INFO] Query execution resumed: memory allocation successful
2024-11-26T10:36:20Z [WARN] Unusual data pattern: 1000x increase in table 'error_logs'
2024-11-26T10:36:25Z [INFO] Data pattern investigation: application error surge identified
2024-11-26T10:36:30Z [INFO] Data retention policy applied: purged old error logs
2024-11-26T10:36:35Z [INFO] Database configuration updated: max_connections increased to 500
2024-11-26T10:36:40Z [ERROR] Configuration validation failed: invalid parameter value
2024-11-26T10:36:45Z [INFO] Configuration rollback completed: restored previous settings
2024-11-26T10:36:50Z [INFO] Hot standby server synchronized: ready for failover
2024-11-26T10:36:55Z [WARN] Network latency detected: replication delay increased
2024-11-26T10:37:00Z [INFO] Network issue resolved: replication back to normal
2024-11-26T10:37:05Z [INFO] Encryption key rotation completed: all data re-encrypted
2024-11-26T10:37:10Z [ERROR] Encryption operation failed: key derivation error
2024-11-26T10:37:15Z [INFO] Backup encryption key used: operation completed successfully
2024-11-26T10:37:20Z [INFO] Data masking applied to non-production environments
2024-11-26T10:37:25Z [WARN] Compliance check warning: some PII data not properly masked
2024-11-26T10:37:30Z [INFO] Data masking corrected: all PII data now protected
2024-11-26T10:37:35Z [INFO] Point-in-time recovery test completed successfully
2024-11-26T10:37:40Z [ERROR] Recovery test failed: backup file corruption detected
2024-11-26T10:37:45Z [INFO] Alternative backup file used: recovery test passed
2024-11-26T10:37:50Z [INFO] Database monitoring alert cleared: all thresholds normal
2024-11-26T10:37:55Z [WARN] Monitoring system lag: 30 second delay in metric collection
2024-11-26T10:38:00Z [INFO] Monitoring system optimized: real-time metrics restored
2024-11-26T10:38:05Z [INFO] Vacuum process completed: 500MB space reclaimed
2024-11-26T10:38:10Z [ERROR] Vacuum process interrupted: lock timeout during operation
2024-11-26T10:38:15Z [INFO] Vacuum rescheduled for low-activity period
2024-11-26T10:38:20Z [INFO] Concurrent user session limit reached: 1000 active sessions
2024-11-26T10:38:25Z [WARN] Session cleanup initiated: removing idle sessions
2024-11-26T10:38:30Z [INFO] Session cleanup completed: 150 idle sessions terminated
2024-11-26T10:38:35Z [INFO] Load balancer configuration updated: 3 read replicas active
2024-11-26T10:38:40Z [ERROR] Read replica health check failed: replica-03 unresponsive
2024-11-26T10:38:45Z [INFO] Read replica removed from pool: traffic redirected
2024-11-26T10:38:50Z [INFO] Replica recovery initiated: attempting automatic restart
2024-11-26T10:38:55Z [INFO] Replica recovery successful: replica-03 back online
2024-11-26T10:39:00Z [INFO] Daily maintenance completed: database optimized for peak hours 