{"timestamp":"2024-11-26T10:30:00Z","level":"info","service":"auth-service","message":"User login attempt","user_id":"user123","ip_address":"192.168.1.100","user_agent":"Mozilla/5.0","action":"login_attempt"}
{"timestamp":"2024-11-26T10:30:01Z","level":"info","service":"auth-service","message":"User login successful","user_id":"user123","ip_address":"192.168.1.100","session_id":"sess-abc123","action":"login_success"}
{"timestamp":"2024-11-26T10:30:05Z","level":"error","service":"auth-service","message":"Failed login attempt - invalid password","user_id":"user456","ip_address":"10.0.0.50","attempt_count":1,"action":"login_failed"}
{"timestamp":"2024-11-26T10:30:08Z","level":"warn","service":"auth-service","message":"Suspicious login attempt from new location","user_id":"user789","ip_address":"203.0.113.15","location":"Unknown","action":"suspicious_activity"}
{"timestamp":"2024-11-26T10:30:12Z","level":"error","service":"auth-service","message":"Account locked due to multiple failed login attempts","user_id":"user456","failed_attempts":5,"lock_duration":"30min","action":"account_locked"}
{"timestamp":"2024-11-26T10:30:15Z","level":"info","service":"auth-service","message":"Password reset requested","user_id":"user999","email":"user@example.com","action":"password_reset_requested"}
{"timestamp":"2024-11-26T10:30:18Z","level":"info","service":"auth-service","message":"User logout","user_id":"user123","session_id":"sess-abc123","session_duration":"18m","action":"logout"}
{"timestamp":"2024-11-26T10:30:22Z","level":"info","service":"auth-service","message":"User registered new account","user_id":"user234","email":"newuser@example.com","registration_source":"web","action":"user_registration"}
{"timestamp":"2024-11-26T10:30:25Z","level":"info","service":"auth-service","message":"Two-factor authentication enabled","user_id":"user234","method":"sms","action":"2fa_enabled"}
{"timestamp":"2024-11-26T10:30:30Z","level":"info","service":"auth-service","message":"User changed password","user_id":"user567","action":"password_changed","strength_score":85}
{"timestamp":"2024-11-26T10:30:35Z","level":"info","service":"auth-service","message":"User login attempt","user_id":"user567","ip_address":"192.168.1.101","user_agent":"Chrome/120.0","action":"login_attempt"}
{"timestamp":"2024-11-26T10:30:36Z","level":"info","service":"auth-service","message":"2FA code sent","user_id":"user567","method":"sms","phone":"***-***-1234","action":"2fa_code_sent"}
{"timestamp":"2024-11-26T10:30:38Z","level":"info","service":"auth-service","message":"2FA verification successful","user_id":"user567","session_id":"sess-def456","action":"2fa_verified"}
{"timestamp":"2024-11-26T10:30:42Z","level":"error","service":"auth-service","message":"Invalid 2FA code attempt","user_id":"user890","attempt_count":1,"remaining_attempts":2,"action":"2fa_failed"}
{"timestamp":"2024-11-26T10:30:45Z","level":"warn","service":"auth-service","message":"Multiple failed 2FA attempts","user_id":"user890","failed_attempts":3,"action":"2fa_locked"}
{"timestamp":"2024-11-26T10:30:50Z","level":"info","service":"auth-service","message":"Admin user login","user_id":"admin001","ip_address":"192.168.1.10","role":"administrator","action":"admin_login"}
{"timestamp":"2024-11-26T10:30:55Z","level":"info","service":"auth-service","message":"User profile updated","user_id":"user123","fields_changed":["email","phone"],"action":"profile_updated"}
{"timestamp":"2024-11-26T10:31:00Z","level":"error","service":"auth-service","message":"Brute force attack detected","source_ip":"198.51.100.42","failed_attempts":50,"time_window":"5min","action":"brute_force_detected"}
{"timestamp":"2024-11-26T10:31:03Z","level":"warn","service":"auth-service","message":"IP address blocked","ip_address":"198.51.100.42","block_duration":"24h","reason":"brute_force","action":"ip_blocked"}
{"timestamp":"2024-11-26T10:31:08Z","level":"info","service":"auth-service","message":"Session expired","user_id":"user345","session_id":"sess-ghi789","session_duration":"4h","action":"session_expired"}
{"timestamp":"2024-11-26T10:31:12Z","level":"info","service":"auth-service","message":"User login attempt","user_id":"user345","ip_address":"192.168.1.102","action":"login_attempt"}
{"timestamp":"2024-11-26T10:31:13Z","level":"info","service":"auth-service","message":"User login successful","user_id":"user345","session_id":"sess-jkl012","action":"login_success"}
{"timestamp":"2024-11-26T10:31:18Z","level":"info","service":"auth-service","message":"OAuth login initiated","user_id":"user678","provider":"google","action":"oauth_login_initiated"}
{"timestamp":"2024-11-26T10:31:20Z","level":"info","service":"auth-service","message":"OAuth login successful","user_id":"user678","provider":"google","session_id":"sess-mno345","action":"oauth_login_success"}
{"timestamp":"2024-11-26T10:31:25Z","level":"error","service":"auth-service","message":"OAuth login failed","provider":"facebook","error":"access_denied","user_email":"test@example.com","action":"oauth_login_failed"}
{"timestamp":"2024-11-26T10:31:30Z","level":"info","service":"auth-service","message":"API key generated","user_id":"user901","key_id":"key-xyz789","permissions":["read","write"],"action":"api_key_generated"}
{"timestamp":"2024-11-26T10:31:35Z","level":"warn","service":"auth-service","message":"API rate limit exceeded","api_key":"key-abc123","endpoint":"/api/users","limit":1000,"action":"rate_limit_exceeded"}
{"timestamp":"2024-11-26T10:31:40Z","level":"error","service":"auth-service","message":"Invalid API key used","api_key":"key-invalid","endpoint":"/api/secure","action":"invalid_api_key"}
{"timestamp":"2024-11-26T10:31:45Z","level":"info","service":"auth-service","message":"User role changed","user_id":"user234","old_role":"user","new_role":"premium","changed_by":"admin001","action":"role_changed"}
{"timestamp":"2024-11-26T10:31:50Z","level":"info","service":"auth-service","message":"User email verified","user_id":"user234","email":"newuser@example.com","verification_token":"tok-verify123","action":"email_verified"}
{"timestamp":"2024-11-26T10:31:55Z","level":"warn","service":"auth-service","message":"Password reset link expired","user_id":"user999","reset_token":"tok-reset456","action":"reset_link_expired"}
{"timestamp":"2024-11-26T10:32:00Z","level":"info","service":"auth-service","message":"New password reset requested","user_id":"user999","email":"user@example.com","action":"password_reset_requested"}
{"timestamp":"2024-11-26T10:32:05Z","level":"info","service":"auth-service","message":"Password reset completed","user_id":"user999","reset_token":"tok-reset789","action":"password_reset_completed"}
{"timestamp":"2024-11-26T10:32:10Z","level":"info","service":"auth-service","message":"User login attempt","user_id":"user999","ip_address":"192.168.1.103","action":"login_attempt"}
{"timestamp":"2024-11-26T10:32:11Z","level":"info","service":"auth-service","message":"User login successful","user_id":"user999","session_id":"sess-pqr678","action":"login_success"}
{"timestamp":"2024-11-26T10:32:15Z","level":"error","service":"auth-service","message":"Unauthorized access attempt","user_id":"user111","resource":"/admin/panel","required_role":"admin","user_role":"user","action":"unauthorized_access"}
{"timestamp":"2024-11-26T10:32:20Z","level":"warn","service":"auth-service","message":"Security alert: Login from new device","user_id":"user567","device":"iPhone 15","location":"New York, NY","action":"new_device_login"}
{"timestamp":"2024-11-26T10:32:25Z","level":"info","service":"auth-service","message":"Device authorization pending","user_id":"user567","device_id":"device-abc123","verification_code":"123456","action":"device_authorization_pending"}
{"timestamp":"2024-11-26T10:32:30Z","level":"info","service":"auth-service","message":"Device authorized successfully","user_id":"user567","device_id":"device-abc123","action":"device_authorized"}
{"timestamp":"2024-11-26T10:32:35Z","level":"info","service":"auth-service","message":"User enabled backup codes","user_id":"user789","backup_codes_count":10,"action":"backup_codes_enabled"}
{"timestamp":"2024-11-26T10:32:40Z","level":"info","service":"auth-service","message":"Backup code used for login","user_id":"user789","backup_code_used":"code-7","remaining_codes":9,"action":"backup_code_used"}
{"timestamp":"2024-11-26T10:32:45Z","level":"warn","service":"auth-service","message":"Low backup codes remaining","user_id":"user789","remaining_codes":3,"action":"low_backup_codes"}
{"timestamp":"2024-11-26T10:32:50Z","level":"info","service":"auth-service","message":"User updated security settings","user_id":"user890","changes":["login_notifications","session_timeout"],"action":"security_settings_updated"}
{"timestamp":"2024-11-26T10:32:55Z","level":"info","service":"auth-service","message":"Single sign-on session created","user_id":"user222","sso_provider":"okta","session_id":"sess-sso123","action":"sso_session_created"}
{"timestamp":"2024-11-26T10:33:00Z","level":"error","service":"auth-service","message":"SSO authentication failed","sso_provider":"okta","error":"invalid_assertion","user_email":"sso@example.com","action":"sso_auth_failed"}
{"timestamp":"2024-11-26T10:33:05Z","level":"info","service":"auth-service","message":"User deactivated account","user_id":"user333","reason":"user_request","action":"account_deactivated"}
{"timestamp":"2024-11-26T10:33:10Z","level":"info","service":"auth-service","message":"Account reactivation requested","user_id":"user333","email":"reactivate@example.com","action":"reactivation_requested"}
{"timestamp":"2024-11-26T10:33:15Z","level":"info","service":"auth-service","message":"Account reactivated","user_id":"user333","reactivated_by":"admin002","action":"account_reactivated"}
{"timestamp":"2024-11-26T10:33:20Z","level":"warn","service":"auth-service","message":"Concurrent session limit reached","user_id":"user444","max_sessions":3,"current_sessions":4,"action":"session_limit_reached"}
{"timestamp":"2024-11-26T10:33:25Z","level":"info","service":"auth-service","message":"Oldest session terminated","user_id":"user444","terminated_session":"sess-old123","action":"session_terminated"}
{"timestamp":"2024-11-26T10:33:30Z","level":"info","service":"auth-service","message":"User privacy settings updated","user_id":"user555","settings":{"public_profile":false,"data_sharing":false},"action":"privacy_settings_updated"}
{"timestamp":"2024-11-26T10:33:35Z","level":"error","service":"auth-service","message":"LDAP authentication failed","username":"ldapuser","ldap_server":"ldap.company.com","error":"bind_failed","action":"ldap_auth_failed"}
{"timestamp":"2024-11-26T10:33:40Z","level":"info","service":"auth-service","message":"LDAP user synchronized","username":"ldapuser2","ldap_dn":"cn=user,ou=people,dc=company,dc=com","action":"ldap_user_synced"}
{"timestamp":"2024-11-26T10:33:45Z","level":"info","service":"auth-service","message":"Permission granted to resource","user_id":"user666","resource":"/api/data","permission":"read","action":"permission_granted"}
{"timestamp":"2024-11-26T10:33:50Z","level":"warn","service":"auth-service","message":"Permission denied","user_id":"user777","resource":"/api/admin","required_permission":"admin_access","action":"permission_denied"}
{"timestamp":"2024-11-26T10:33:55Z","level":"info","service":"auth-service","message":"User group membership updated","user_id":"user888","added_groups":["premium_users"],"removed_groups":["trial_users"],"action":"group_membership_updated"}
{"timestamp":"2024-11-26T10:34:00Z","level":"info","service":"auth-service","message":"Token refresh successful","user_id":"user999","old_token_expires":"2024-11-26T11:00:00Z","new_token_expires":"2024-11-26T15:00:00Z","action":"token_refreshed"}
{"timestamp":"2024-11-26T10:34:05Z","level":"error","service":"auth-service","message":"Token refresh failed - invalid refresh token","user_id":"user101","refresh_token":"refresh-invalid","action":"token_refresh_failed"}
{"timestamp":"2024-11-26T10:34:10Z","level":"warn","service":"auth-service","message":"Token about to expire","user_id":"user102","token_expires":"2024-11-26T10:39:00Z","action":"token_expiry_warning"}
{"timestamp":"2024-11-26T10:34:15Z","level":"info","service":"auth-service","message":"User consent updated","user_id":"user103","consent_type":"data_processing","consent_given":true,"action":"consent_updated"}
{"timestamp":"2024-11-26T10:34:20Z","level":"info","service":"auth-service","message":"User data export requested","user_id":"user104","export_type":"full_data","request_id":"export-456","action":"data_export_requested"}
{"timestamp":"2024-11-26T10:34:25Z","level":"info","service":"auth-service","message":"User data deletion requested","user_id":"user105","deletion_date":"2024-12-03","request_id":"delete-789","action":"data_deletion_requested"}
{"timestamp":"2024-11-26T10:34:30Z","level":"warn","service":"auth-service","message":"Geolocation verification failed","user_id":"user106","expected_country":"US","actual_country":"RU","action":"geolocation_mismatch"}
{"timestamp":"2024-11-26T10:34:35Z","level":"info","service":"auth-service","message":"Geolocation verification disabled","user_id":"user106","disabled_by":"user","action":"geolocation_disabled"}
{"timestamp":"2024-11-26T10:34:40Z","level":"info","service":"auth-service","message":"Biometric authentication enabled","user_id":"user107","biometric_type":"fingerprint","action":"biometric_enabled"}
{"timestamp":"2024-11-26T10:34:45Z","level":"info","service":"auth-service","message":"Biometric login successful","user_id":"user107","biometric_type":"fingerprint","action":"biometric_login_success"}
{"timestamp":"2024-11-26T10:34:50Z","level":"error","service":"auth-service","message":"Biometric authentication failed","user_id":"user108","biometric_type":"face_id","attempts":3,"action":"biometric_auth_failed"}
{"timestamp":"2024-11-26T10:34:55Z","level":"info","service":"auth-service","message":"Security audit log generated","admin_user":"admin003","audit_period":"24h","total_events":2847,"action":"security_audit"}
{"timestamp":"2024-11-26T10:35:00Z","level":"warn","service":"auth-service","message":"Weak password detected","user_id":"user109","password_strength":25,"min_strength":70,"action":"weak_password_detected"}
{"timestamp":"2024-11-26T10:35:05Z","level":"info","service":"auth-service","message":"Password policy updated","updated_by":"admin004","new_requirements":["12_chars","special_chars","numbers"],"action":"password_policy_updated"}
{"timestamp":"2024-11-26T10:35:10Z","level":"info","service":"auth-service","message":"User forced password change","user_id":"user109","reason":"weak_password","action":"forced_password_change"}
{"timestamp":"2024-11-26T10:35:15Z","level":"info","service":"auth-service","message":"WebAuthn registration initiated","user_id":"user110","authenticator_type":"security_key","action":"webauthn_registration_initiated"}
{"timestamp":"2024-11-26T10:35:20Z","level":"info","service":"auth-service","message":"WebAuthn registration completed","user_id":"user110","credential_id":"cred-webauthn123","action":"webauthn_registration_completed"}
{"timestamp":"2024-11-26T10:35:25Z","level":"info","service":"auth-service","message":"WebAuthn authentication successful","user_id":"user110","credential_id":"cred-webauthn123","action":"webauthn_auth_success"}
{"timestamp":"2024-11-26T10:35:30Z","level":"error","service":"auth-service","message":"WebAuthn authentication failed","user_id":"user111","error":"invalid_signature","action":"webauthn_auth_failed"}
{"timestamp":"2024-11-26T10:35:35Z","level":"info","service":"auth-service","message":"Cross-origin authentication detected","user_id":"user112","origin":"https://partner.example.com","allowed":true,"action":"cross_origin_auth"}
{"timestamp":"2024-11-26T10:35:40Z","level":"warn","service":"auth-service","message":"Suspicious origin blocked","origin":"https://malicious.example.com","user_id":"user113","action":"suspicious_origin_blocked"}
{"timestamp":"2024-11-26T10:35:45Z","level":"info","service":"auth-service","message":"Risk score calculated","user_id":"user114","risk_score":15,"factors":["known_device","normal_location"],"action":"risk_assessment"}
{"timestamp":"2024-11-26T10:35:50Z","level":"warn","service":"auth-service","message":"High risk authentication","user_id":"user115","risk_score":85,"factors":["new_device","unusual_location","off_hours"],"action":"high_risk_auth"}
{"timestamp":"2024-11-26T10:35:55Z","level":"info","service":"auth-service","message":"Additional verification required","user_id":"user115","verification_method":"email_code","action":"additional_verification_required"}
{"timestamp":"2024-11-26T10:36:00Z","level":"info","service":"auth-service","message":"Identity verification completed","user_id":"user115","verification_method":"email_code","action":"identity_verified"}
{"timestamp":"2024-11-26T10:36:05Z","level":"info","service":"auth-service","message":"Machine learning model updated","model_type":"fraud_detection","version":"v2.1","accuracy":"94.7%","action":"ml_model_updated"}
{"timestamp":"2024-11-26T10:36:10Z","level":"info","service":"auth-service","message":"Anomaly detection triggered","user_id":"user116","anomaly_type":"unusual_login_time","confidence":0.85,"action":"anomaly_detected"}
{"timestamp":"2024-11-26T10:36:15Z","level":"info","service":"auth-service","message":"Compliance report generated","compliance_type":"GDPR","report_period":"Q4_2024","violations":0,"action":"compliance_report"}
{"timestamp":"2024-11-26T10:36:20Z","level":"error","service":"auth-service","message":"Authentication service overload","current_requests_per_second":5000,"max_capacity":4500,"action":"service_overload"}
{"timestamp":"2024-11-26T10:36:25Z","level":"info","service":"auth-service","message":"Load balancing initiated","additional_instances":3,"total_instances":8,"action":"auto_scaling"}
{"timestamp":"2024-11-26T10:36:30Z","level":"info","service":"auth-service","message":"Service capacity normalized","current_requests_per_second":3200,"load_percentage":71,"action":"load_normalized"}
{"timestamp":"2024-11-26T10:36:35Z","level":"info","service":"auth-service","message":"Certificate rotation completed","certificate_type":"SSL","new_expiry":"2025-11-26","action":"certificate_rotated"}
{"timestamp":"2024-11-26T10:36:40Z","level":"warn","service":"auth-service","message":"Certificate expiring soon","certificate_type":"JWT_signing","expires":"2024-12-15","days_remaining":19,"action":"certificate_expiry_warning"}
{"timestamp":"2024-11-26T10:36:45Z","level":"info","service":"auth-service","message":"Security patch applied","patch_id":"AUTH-2024-001","severity":"high","downtime":"0s","action":"security_patch_applied"}
{"timestamp":"2024-11-26T10:36:50Z","level":"info","service":"auth-service","message":"Database connection pool optimized","previous_size":50,"new_size":75,"response_time_improvement":"15%","action":"db_pool_optimized"}
{"timestamp":"2024-11-26T10:36:55Z","level":"info","service":"auth-service","message":"Cache hit rate improved","previous_rate":"78%","current_rate":"91%","cache_type":"session_cache","action":"cache_optimization"}
{"timestamp":"2024-11-26T10:37:00Z","level":"info","service":"auth-service","message":"Authentication service health check","total_users_online":2847,"active_sessions":3921,"response_time_avg":"45ms","action":"health_check"} 